2020-03-11 23:22:35,123 INFO o.s.b.StartupInfoLogger [restartedMain] Starting UnsecureApplication on Zachs-Mac.local with PID 13104 (/Users/owner1/cs467/467-security-project-secured/unsecure-server/target/classes started by owner1 in /Users/owner1/cs467/467-security-project-secured/unsecure-server)
2020-03-11 23:22:35,124 INFO o.s.b.SpringApplication [restartedMain] No active profile set, falling back to default profiles: default
2020-03-11 23:22:35,395 INFO o.s.d.r.c.RepositoryConfigurationDelegate [restartedMain] Bootstrapping Spring Data JPA repositories in DEFAULT mode.
2020-03-11 23:22:35,400 INFO o.s.d.r.c.RepositoryConfigurationDelegate [restartedMain] Finished Spring Data repository scanning in 4ms. Found 0 JPA repository interfaces.
2020-03-11 23:22:35,469 INFO c.u.j.c.EnableEncryptablePropertiesBeanFactoryPostProcessor [restartedMain] Post-processing PropertySource instances
2020-03-11 23:22:35,478 INFO c.u.j.EncryptablePropertySourceConverter [restartedMain] Converting PropertySource configurationProperties [org.springframework.boot.context.properties.source.ConfigurationPropertySourcesPropertySource] to AOP Proxy
2020-03-11 23:22:35,478 INFO c.u.j.EncryptablePropertySourceConverter [restartedMain] Converting PropertySource servletConfigInitParams [org.springframework.core.env.PropertySource$StubPropertySource] to EncryptablePropertySourceWrapper
2020-03-11 23:22:35,478 INFO c.u.j.EncryptablePropertySourceConverter [restartedMain] Converting PropertySource servletContextInitParams [org.springframework.core.env.PropertySource$StubPropertySource] to EncryptablePropertySourceWrapper
2020-03-11 23:22:35,478 INFO c.u.j.EncryptablePropertySourceConverter [restartedMain] Converting PropertySource systemProperties [org.springframework.core.env.PropertiesPropertySource] to EncryptableMapPropertySourceWrapper
2020-03-11 23:22:35,479 INFO c.u.j.EncryptablePropertySourceConverter [restartedMain] Converting PropertySource systemEnvironment [org.springframework.boot.env.SystemEnvironmentPropertySourceEnvironmentPostProcessor$OriginAwareSystemEnvironmentPropertySource] to EncryptableSystemEnvironmentPropertySourceWrapper
2020-03-11 23:22:35,479 INFO c.u.j.EncryptablePropertySourceConverter [restartedMain] Converting PropertySource random [org.springframework.boot.env.RandomValuePropertySource] to EncryptablePropertySourceWrapper
2020-03-11 23:22:35,479 INFO c.u.j.EncryptablePropertySourceConverter [restartedMain] Converting PropertySource applicationConfig: [classpath:/application.properties] [org.springframework.boot.env.OriginTrackedMapPropertySource] to EncryptableMapPropertySourceWrapper
2020-03-11 23:22:35,480 INFO c.u.j.EncryptablePropertySourceConverter [restartedMain] Converting PropertySource devtools [org.springframework.core.env.MapPropertySource] to EncryptableMapPropertySourceWrapper
2020-03-11 23:22:35,505 INFO c.u.j.f.DefaultLazyPropertyFilter [restartedMain] Property Filter custom Bean not found with name 'encryptablePropertyFilter'. Initializing Default Property Filter
2020-03-11 23:22:35,539 INFO o.s.c.s.PostProcessorRegistrationDelegate$BeanPostProcessorChecker [restartedMain] Bean 'org.springframework.transaction.annotation.ProxyTransactionManagementConfiguration' of type [org.springframework.transaction.annotation.ProxyTransactionManagementConfiguration] is not eligible for getting processed by all BeanPostProcessors (for example: not eligible for auto-proxying)
2020-03-11 23:22:35,563 INFO c.u.j.r.DefaultLazyPropertyResolver [restartedMain] Property Resolver custom Bean not found with name 'encryptablePropertyResolver'. Initializing Default Property Resolver
2020-03-11 23:22:35,564 INFO c.u.j.d.DefaultLazyPropertyDetector [restartedMain] Property Detector custom Bean not found with name 'encryptablePropertyDetector'. Initializing Default Property Detector
2020-03-11 23:22:35,725 INFO o.s.b.w.e.t.TomcatWebServer [restartedMain] Tomcat initialized with port(s): 8080 (http)
2020-03-11 23:22:35,726 INFO o.a.j.l.DirectJDKLog [restartedMain] Initializing ProtocolHandler ["http-nio-8080"]
2020-03-11 23:22:35,727 INFO o.a.j.l.DirectJDKLog [restartedMain] Starting service [Tomcat]
2020-03-11 23:22:35,728 INFO o.a.j.l.DirectJDKLog [restartedMain] Starting Servlet engine: [Apache Tomcat/9.0.30]
2020-03-11 23:22:35,744 INFO o.a.j.l.DirectJDKLog [restartedMain] Initializing Spring embedded WebApplicationContext
2020-03-11 23:22:35,745 INFO o.s.b.w.s.c.ServletWebServerApplicationContext [restartedMain] Root WebApplicationContext: initialization completed in 615 ms
2020-03-11 23:22:35,893 INFO o.h.j.i.u.LogHelper [restartedMain] HHH000204: Processing PersistenceUnitInfo [name: default]
2020-03-11 23:22:35,903 INFO c.z.h.HikariDataSource [restartedMain] HikariPool-5 - Starting...
2020-03-11 23:22:35,904 WARN c.z.h.u.DriverDataSource [restartedMain] Registered driver with driverClassName=com.mysql.jdbc.Driver was not found, trying direct instantiation.
2020-03-11 23:22:36,378 INFO c.z.h.HikariDataSource [restartedMain] HikariPool-5 - Start completed.
2020-03-11 23:22:36,379 INFO o.h.d.Dialect [restartedMain] HHH000400: Using dialect: org.hibernate.dialect.MySQL5InnoDBDialect
2020-03-11 23:22:36,865 INFO o.h.e.t.j.p.i.JtaPlatformInitiator [restartedMain] HHH000490: Using JtaPlatform implementation: [org.hibernate.engine.transaction.jta.platform.internal.NoJtaPlatform]
2020-03-11 23:22:36,866 INFO o.s.o.j.AbstractEntityManagerFactoryBean [restartedMain] Initialized JPA EntityManagerFactory for persistence unit 'default'
2020-03-11 23:22:36,885 INFO o.s.b.d.a.OptionalLiveReloadServer [restartedMain] LiveReload server is running on port 35729
2020-03-11 23:22:36,960 WARN o.s.b.a.o.j.JpaBaseConfiguration$JpaWebConfiguration [restartedMain] spring.jpa.open-in-view is enabled by default. Therefore, database queries may be performed during view rendering. Explicitly configure spring.jpa.open-in-view to disable this warning
2020-03-11 23:22:37,038 INFO o.s.s.c.ExecutorConfigurationSupport [restartedMain] Initializing ExecutorService 'applicationTaskExecutor'
2020-03-11 23:22:37,147 INFO o.a.j.l.DirectJDKLog [restartedMain] Starting ProtocolHandler ["http-nio-8080"]
2020-03-11 23:22:37,150 INFO o.s.b.w.e.t.TomcatWebServer [restartedMain] Tomcat started on port(s): 8080 (http) with context path ''
2020-03-11 23:22:37,150 INFO o.s.b.StartupInfoLogger [restartedMain] Started UnsecureApplication in 2.144 seconds (JVM running for 445.729)
2020-03-11 23:22:37,152 INFO o.s.b.d.a.ConditionEvaluationDeltaLoggingListener [restartedMain] Condition evaluation unchanged
2020-03-11 23:22:53,628 INFO o.s.b.a.SpringApplicationAdminMXBeanRegistrar$SpringApplicationAdmin [RMI TCP Connection(4)-127.0.0.1] Application shutdown requested.
2020-03-11 23:22:53,634 INFO o.s.s.c.ExecutorConfigurationSupport [RMI TCP Connection(4)-127.0.0.1] Shutting down ExecutorService 'applicationTaskExecutor'
2020-03-11 23:22:53,635 INFO o.s.o.j.AbstractEntityManagerFactoryBean [RMI TCP Connection(4)-127.0.0.1] Closing JPA EntityManagerFactory for persistence unit 'default'
2020-03-11 23:22:53,638 INFO c.z.h.HikariDataSource [RMI TCP Connection(4)-127.0.0.1] HikariPool-5 - Shutdown initiated...
2020-03-11 23:22:53,651 INFO c.z.h.HikariDataSource [RMI TCP Connection(4)-127.0.0.1] HikariPool-5 - Shutdown completed.
